mode: set
github.com/lgbarn/pdf-cli/internal/pdf/pdf.go:22.54,24.20 2 1
github.com/lgbarn/pdf-cli/internal/pdf/pdf.go:24.20,27.3 2 1
github.com/lgbarn/pdf-cli/internal/pdf/pdf.go:28.2,28.13 1 1
github.com/lgbarn/pdf-cli/internal/pdf/pdf.go:32.43,33.21 1 1
github.com/lgbarn/pdf-cli/internal/pdf/pdf.go:33.21,35.3 1 1
github.com/lgbarn/pdf-cli/internal/pdf/pdf.go:36.2,37.26 2 1
github.com/lgbarn/pdf-cli/internal/pdf/pdf.go:37.26,39.3 1 1
github.com/lgbarn/pdf-cli/internal/pdf/pdf.go:40.2,40.15 1 1
github.com/lgbarn/pdf-cli/internal/pdf/pdf.go:61.52,66.16 3 1
github.com/lgbarn/pdf-cli/internal/pdf/pdf.go:66.16,68.3 1 1
github.com/lgbarn/pdf-cli/internal/pdf/pdf.go:70.2,71.16 2 1
github.com/lgbarn/pdf-cli/internal/pdf/pdf.go:71.16,73.3 1 0
github.com/lgbarn/pdf-cli/internal/pdf/pdf.go:74.2,74.15 1 1
github.com/lgbarn/pdf-cli/internal/pdf/pdf.go:74.15,74.32 1 1
github.com/lgbarn/pdf-cli/internal/pdf/pdf.go:76.2,77.16 2 1
github.com/lgbarn/pdf-cli/internal/pdf/pdf.go:77.16,79.3 1 0
github.com/lgbarn/pdf-cli/internal/pdf/pdf.go:81.2,94.37 2 1
github.com/lgbarn/pdf-cli/internal/pdf/pdf.go:94.37,96.3 1 0
github.com/lgbarn/pdf-cli/internal/pdf/pdf.go:98.2,98.18 1 1
github.com/lgbarn/pdf-cli/internal/pdf/pdf.go:102.52,106.2 2 1
github.com/lgbarn/pdf-cli/internal/pdf/pdf.go:109.60,111.2 1 1
github.com/lgbarn/pdf-cli/internal/pdf/pdf.go:114.91,115.22 1 1
github.com/lgbarn/pdf-cli/internal/pdf/pdf.go:115.22,117.3 1 1
github.com/lgbarn/pdf-cli/internal/pdf/pdf.go:120.2,120.39 1 1
github.com/lgbarn/pdf-cli/internal/pdf/pdf.go:120.39,122.3 1 1
github.com/lgbarn/pdf-cli/internal/pdf/pdf.go:125.2,129.16 3 0
github.com/lgbarn/pdf-cli/internal/pdf/pdf.go:129.16,131.3 1 0
github.com/lgbarn/pdf-cli/internal/pdf/pdf.go:132.2,138.16 5 0
github.com/lgbarn/pdf-cli/internal/pdf/pdf.go:138.16,140.3 1 0
github.com/lgbarn/pdf-cli/internal/pdf/pdf.go:141.2,141.66 1 0
github.com/lgbarn/pdf-cli/internal/pdf/pdf.go:141.66,143.3 1 0
github.com/lgbarn/pdf-cli/internal/pdf/pdf.go:144.2,147.35 2 0
github.com/lgbarn/pdf-cli/internal/pdf/pdf.go:147.35,149.17 2 0
github.com/lgbarn/pdf-cli/internal/pdf/pdf.go:149.17,151.4 1 0
github.com/lgbarn/pdf-cli/internal/pdf/pdf.go:153.3,153.60 1 0
github.com/lgbarn/pdf-cli/internal/pdf/pdf.go:153.60,155.4 1 0
github.com/lgbarn/pdf-cli/internal/pdf/pdf.go:156.3,156.17 1 0
github.com/lgbarn/pdf-cli/internal/pdf/pdf.go:159.2,162.35 2 0
github.com/lgbarn/pdf-cli/internal/pdf/pdf.go:166.53,168.2 1 1
github.com/lgbarn/pdf-cli/internal/pdf/pdf.go:171.86,173.2 1 1
github.com/lgbarn/pdf-cli/internal/pdf/pdf.go:176.106,178.16 2 1
github.com/lgbarn/pdf-cli/internal/pdf/pdf.go:178.16,180.3 1 1
github.com/lgbarn/pdf-cli/internal/pdf/pdf.go:183.2,183.38 1 1
github.com/lgbarn/pdf-cli/internal/pdf/pdf.go:183.38,185.3 1 1
github.com/lgbarn/pdf-cli/internal/pdf/pdf.go:188.2,197.38 6 0
github.com/lgbarn/pdf-cli/internal/pdf/pdf.go:197.38,200.27 3 0
github.com/lgbarn/pdf-cli/internal/pdf/pdf.go:200.27,202.4 1 0
github.com/lgbarn/pdf-cli/internal/pdf/pdf.go:205.3,206.41 2 0
github.com/lgbarn/pdf-cli/internal/pdf/pdf.go:206.41,208.4 1 0
github.com/lgbarn/pdf-cli/internal/pdf/pdf.go:211.3,212.21 2 0
github.com/lgbarn/pdf-cli/internal/pdf/pdf.go:212.21,214.4 1 0
github.com/lgbarn/pdf-cli/internal/pdf/pdf.go:214.9,216.4 1 0
github.com/lgbarn/pdf-cli/internal/pdf/pdf.go:218.3,218.74 1 0
github.com/lgbarn/pdf-cli/internal/pdf/pdf.go:218.74,220.4 1 0
github.com/lgbarn/pdf-cli/internal/pdf/pdf.go:222.3,222.17 1 0
github.com/lgbarn/pdf-cli/internal/pdf/pdf.go:225.2,226.12 2 0
github.com/lgbarn/pdf-cli/internal/pdf/pdf.go:230.77,232.2 1 1
github.com/lgbarn/pdf-cli/internal/pdf/pdf.go:235.82,237.2 1 1
github.com/lgbarn/pdf-cli/internal/pdf/pdf.go:240.53,242.2 1 1
github.com/lgbarn/pdf-cli/internal/pdf/pdf.go:245.59,248.19 3 1
github.com/lgbarn/pdf-cli/internal/pdf/pdf.go:248.19,250.3 1 0
github.com/lgbarn/pdf-cli/internal/pdf/pdf.go:250.8,252.3 1 1
github.com/lgbarn/pdf-cli/internal/pdf/pdf.go:253.2,253.45 1 1
github.com/lgbarn/pdf-cli/internal/pdf/pdf.go:257.52,259.2 1 1
github.com/lgbarn/pdf-cli/internal/pdf/pdf.go:262.78,264.2 1 1
github.com/lgbarn/pdf-cli/internal/pdf/pdf.go:267.109,270.49 2 1
github.com/lgbarn/pdf-cli/internal/pdf/pdf.go:270.49,272.3 1 0
github.com/lgbarn/pdf-cli/internal/pdf/pdf.go:275.2,275.52 1 1
github.com/lgbarn/pdf-cli/internal/pdf/pdf.go:279.87,281.16 2 1
github.com/lgbarn/pdf-cli/internal/pdf/pdf.go:281.16,283.3 1 1
github.com/lgbarn/pdf-cli/internal/pdf/pdf.go:284.2,289.21 3 0
github.com/lgbarn/pdf-cli/internal/pdf/pdf.go:289.21,291.24 2 0
github.com/lgbarn/pdf-cli/internal/pdf/pdf.go:291.24,293.4 1 0
github.com/lgbarn/pdf-cli/internal/pdf/pdf.go:294.8,300.3 4 0
github.com/lgbarn/pdf-cli/internal/pdf/pdf.go:303.2,303.20 1 0
github.com/lgbarn/pdf-cli/internal/pdf/pdf.go:303.20,305.3 1 0
github.com/lgbarn/pdf-cli/internal/pdf/pdf.go:307.2,307.67 1 0
github.com/lgbarn/pdf-cli/internal/pdf/pdf.go:311.108,313.18 2 0
github.com/lgbarn/pdf-cli/internal/pdf/pdf.go:313.18,315.3 1 0
github.com/lgbarn/pdf-cli/internal/pdf/pdf.go:316.2,319.32 3 0
github.com/lgbarn/pdf-cli/internal/pdf/pdf.go:319.32,321.17 2 0
github.com/lgbarn/pdf-cli/internal/pdf/pdf.go:321.17,322.24 1 0
github.com/lgbarn/pdf-cli/internal/pdf/pdf.go:322.24,324.5 1 0
github.com/lgbarn/pdf-cli/internal/pdf/pdf.go:325.4,325.28 1 0
github.com/lgbarn/pdf-cli/internal/pdf/pdf.go:327.3,327.17 1 0
github.com/lgbarn/pdf-cli/internal/pdf/pdf.go:327.17,329.4 1 0
github.com/lgbarn/pdf-cli/internal/pdf/pdf.go:332.2,332.29 1 0
github.com/lgbarn/pdf-cli/internal/pdf/pdf.go:336.69,337.41 1 0
github.com/lgbarn/pdf-cli/internal/pdf/pdf.go:337.41,339.3 1 0
github.com/lgbarn/pdf-cli/internal/pdf/pdf.go:340.2,341.18 2 0
github.com/lgbarn/pdf-cli/internal/pdf/pdf.go:341.18,343.3 1 0
github.com/lgbarn/pdf-cli/internal/pdf/pdf.go:344.2,345.16 2 0
github.com/lgbarn/pdf-cli/internal/pdf/pdf.go:345.16,347.3 1 0
github.com/lgbarn/pdf-cli/internal/pdf/pdf.go:348.2,348.13 1 0
github.com/lgbarn/pdf-cli/internal/pdf/pdf.go:352.106,359.18 3 0
github.com/lgbarn/pdf-cli/internal/pdf/pdf.go:359.18,361.3 1 0
github.com/lgbarn/pdf-cli/internal/pdf/pdf.go:362.2,366.32 3 0
github.com/lgbarn/pdf-cli/internal/pdf/pdf.go:366.32,367.19 1 0
github.com/lgbarn/pdf-cli/internal/pdf/pdf.go:367.19,369.4 1 0
github.com/lgbarn/pdf-cli/internal/pdf/pdf.go:373.2,374.18 2 0
github.com/lgbarn/pdf-cli/internal/pdf/pdf.go:374.18,377.17 3 0
github.com/lgbarn/pdf-cli/internal/pdf/pdf.go:377.17,379.4 1 0
github.com/lgbarn/pdf-cli/internal/pdf/pdf.go:383.2,384.32 2 0
github.com/lgbarn/pdf-cli/internal/pdf/pdf.go:384.32,386.17 2 0
github.com/lgbarn/pdf-cli/internal/pdf/pdf.go:386.17,387.24 1 0
github.com/lgbarn/pdf-cli/internal/pdf/pdf.go:387.24,389.5 1 0
github.com/lgbarn/pdf-cli/internal/pdf/pdf.go:390.4,390.28 1 0
github.com/lgbarn/pdf-cli/internal/pdf/pdf.go:394.2,394.29 1 0
github.com/lgbarn/pdf-cli/internal/pdf/pdf.go:398.86,400.16 2 1
github.com/lgbarn/pdf-cli/internal/pdf/pdf.go:400.16,402.3 1 0
github.com/lgbarn/pdf-cli/internal/pdf/pdf.go:403.2,405.106 2 1
github.com/lgbarn/pdf-cli/internal/pdf/pdf.go:405.106,407.3 1 1
github.com/lgbarn/pdf-cli/internal/pdf/pdf.go:409.2,410.16 2 1
github.com/lgbarn/pdf-cli/internal/pdf/pdf.go:410.16,412.3 1 0
github.com/lgbarn/pdf-cli/internal/pdf/pdf.go:414.2,415.29 2 1
github.com/lgbarn/pdf-cli/internal/pdf/pdf.go:415.29,416.62 1 1
github.com/lgbarn/pdf-cli/internal/pdf/pdf.go:416.62,417.12 1 0
github.com/lgbarn/pdf-cli/internal/pdf/pdf.go:420.3,422.17 3 1
github.com/lgbarn/pdf-cli/internal/pdf/pdf.go:422.17,423.12 1 0
github.com/lgbarn/pdf-cli/internal/pdf/pdf.go:425.3,426.17 2 1
github.com/lgbarn/pdf-cli/internal/pdf/pdf.go:426.17,427.24 1 1
github.com/lgbarn/pdf-cli/internal/pdf/pdf.go:427.24,429.5 1 1
github.com/lgbarn/pdf-cli/internal/pdf/pdf.go:430.4,430.28 1 1
github.com/lgbarn/pdf-cli/internal/pdf/pdf.go:434.2,434.29 1 1
github.com/lgbarn/pdf-cli/internal/pdf/pdf.go:438.53,442.23 3 1
github.com/lgbarn/pdf-cli/internal/pdf/pdf.go:442.23,444.24 1 1
github.com/lgbarn/pdf-cli/internal/pdf/pdf.go:444.24,447.18 2 1
github.com/lgbarn/pdf-cli/internal/pdf/pdf.go:447.18,448.114 1 1
github.com/lgbarn/pdf-cli/internal/pdf/pdf.go:448.114,450.6 1 1
github.com/lgbarn/pdf-cli/internal/pdf/pdf.go:451.5,451.29 1 1
github.com/lgbarn/pdf-cli/internal/pdf/pdf.go:453.4,453.18 1 1
github.com/lgbarn/pdf-cli/internal/pdf/pdf.go:453.18,455.13 2 1
github.com/lgbarn/pdf-cli/internal/pdf/pdf.go:460.3,460.51 1 1
github.com/lgbarn/pdf-cli/internal/pdf/pdf.go:460.51,461.69 1 1
github.com/lgbarn/pdf-cli/internal/pdf/pdf.go:461.69,463.5 1 1
github.com/lgbarn/pdf-cli/internal/pdf/pdf.go:466.3,466.6 1 1
github.com/lgbarn/pdf-cli/internal/pdf/pdf.go:469.2,469.43 1 1
github.com/lgbarn/pdf-cli/internal/pdf/pdf.go:473.66,474.52 1 1
github.com/lgbarn/pdf-cli/internal/pdf/pdf.go:474.52,476.3 1 1
github.com/lgbarn/pdf-cli/internal/pdf/pdf.go:478.2,482.36 4 1
github.com/lgbarn/pdf-cli/internal/pdf/pdf.go:482.36,485.39 2 1
github.com/lgbarn/pdf-cli/internal/pdf/pdf.go:485.39,488.16 2 1
github.com/lgbarn/pdf-cli/internal/pdf/pdf.go:489.13,490.27 1 1
github.com/lgbarn/pdf-cli/internal/pdf/pdf.go:491.13,492.27 1 1
github.com/lgbarn/pdf-cli/internal/pdf/pdf.go:493.13,494.27 1 1
github.com/lgbarn/pdf-cli/internal/pdf/pdf.go:495.24,496.27 1 1
github.com/lgbarn/pdf-cli/internal/pdf/pdf.go:497.12,497.12 0 0
github.com/lgbarn/pdf-cli/internal/pdf/pdf.go:500.4,501.12 2 1
github.com/lgbarn/pdf-cli/internal/pdf/pdf.go:504.3,504.13 1 1
github.com/lgbarn/pdf-cli/internal/pdf/pdf.go:505.12,507.24 2 1
github.com/lgbarn/pdf-cli/internal/pdf/pdf.go:508.12,510.17 2 1
github.com/lgbarn/pdf-cli/internal/pdf/pdf.go:510.17,512.5 1 1
github.com/lgbarn/pdf-cli/internal/pdf/pdf.go:513.11,514.24 1 1
github.com/lgbarn/pdf-cli/internal/pdf/pdf.go:517.3,517.6 1 1
github.com/lgbarn/pdf-cli/internal/pdf/pdf.go:520.2,520.27 1 1
github.com/lgbarn/pdf-cli/internal/pdf/pdf.go:524.81,526.2 1 1
github.com/lgbarn/pdf-cli/internal/pdf/pdf.go:541.61,543.16 2 1
github.com/lgbarn/pdf-cli/internal/pdf/pdf.go:543.16,545.3 1 1
github.com/lgbarn/pdf-cli/internal/pdf/pdf.go:547.2,556.8 1 1
github.com/lgbarn/pdf-cli/internal/pdf/pdf.go:560.79,562.22 2 1
github.com/lgbarn/pdf-cli/internal/pdf/pdf.go:562.22,564.3 1 1
github.com/lgbarn/pdf-cli/internal/pdf/pdf.go:565.2,565.23 1 1
github.com/lgbarn/pdf-cli/internal/pdf/pdf.go:565.23,567.3 1 1
github.com/lgbarn/pdf-cli/internal/pdf/pdf.go:568.2,568.24 1 1
github.com/lgbarn/pdf-cli/internal/pdf/pdf.go:568.24,570.3 1 1
github.com/lgbarn/pdf-cli/internal/pdf/pdf.go:571.2,571.25 1 1
github.com/lgbarn/pdf-cli/internal/pdf/pdf.go:571.25,573.3 1 1
github.com/lgbarn/pdf-cli/internal/pdf/pdf.go:574.2,574.24 1 1
github.com/lgbarn/pdf-cli/internal/pdf/pdf.go:574.24,576.3 1 0
github.com/lgbarn/pdf-cli/internal/pdf/pdf.go:577.2,577.25 1 1
github.com/lgbarn/pdf-cli/internal/pdf/pdf.go:577.25,579.3 1 0
github.com/lgbarn/pdf-cli/internal/pdf/pdf.go:581.2,581.78 1 1
github.com/lgbarn/pdf-cli/internal/pdf/pdf.go:585.83,587.16 2 1
github.com/lgbarn/pdf-cli/internal/pdf/pdf.go:587.16,589.3 1 0
github.com/lgbarn/pdf-cli/internal/pdf/pdf.go:590.2,590.93 1 1
github.com/lgbarn/pdf-cli/internal/pdf/pdf.go:594.93,596.16 2 1
github.com/lgbarn/pdf-cli/internal/pdf/pdf.go:596.16,598.3 1 1
github.com/lgbarn/pdf-cli/internal/pdf/pdf.go:599.2,599.93 1 1
github.com/lgbarn/pdf-cli/internal/pdf/pdf.go:603.44,605.2 1 1
github.com/lgbarn/pdf-cli/internal/pdf/pdf.go:608.42,610.2 1 1
github.com/lgbarn/pdf-cli/internal/pdf/pdf.go:622.80,625.53 2 1
github.com/lgbarn/pdf-cli/internal/pdf/pdf.go:625.53,631.3 1 1
github.com/lgbarn/pdf-cli/internal/pdf/pdf.go:633.2,635.16 3 1
github.com/lgbarn/pdf-cli/internal/pdf/pdf.go:635.16,637.3 1 0
github.com/lgbarn/pdf-cli/internal/pdf/pdf.go:638.2,638.15 1 1
github.com/lgbarn/pdf-cli/internal/pdf/pdf.go:638.15,638.32 1 1
github.com/lgbarn/pdf-cli/internal/pdf/pdf.go:640.2,641.16 2 1
github.com/lgbarn/pdf-cli/internal/pdf/pdf.go:641.16,643.3 1 0
github.com/lgbarn/pdf-cli/internal/pdf/pdf.go:645.2,650.20 2 1
github.com/lgbarn/pdf-cli/internal/pdf/pdf.go:650.20,652.3 1 0
github.com/lgbarn/pdf-cli/internal/pdf/pdf.go:654.2,654.63 1 1
github.com/lgbarn/pdf-cli/internal/pdf/pdf.go:654.63,656.3 1 0
github.com/lgbarn/pdf-cli/internal/pdf/pdf.go:658.2,659.20 2 1
github.com/lgbarn/pdf-cli/internal/pdf/pdf.go:666.65,668.2 1 1
github.com/lgbarn/pdf-cli/internal/pdf/pdf.go:672.74,676.20 3 1
github.com/lgbarn/pdf-cli/internal/pdf/pdf.go:676.20,678.36 2 1
github.com/lgbarn/pdf-cli/internal/pdf/pdf.go:679.13,680.23 1 1
github.com/lgbarn/pdf-cli/internal/pdf/pdf.go:681.17,682.27 1 1
github.com/lgbarn/pdf-cli/internal/pdf/pdf.go:683.11,684.27 1 0
github.com/lgbarn/pdf-cli/internal/pdf/pdf.go:688.2,688.55 1 1
