mode: set
github.com/lgbarn/pdf-cli/internal/commands/combine_images.go:12.13,17.2 4 1
github.com/lgbarn/pdf-cli/internal/commands/combine_images.go:35.64,40.27 3 0
github.com/lgbarn/pdf-cli/internal/commands/combine_images.go:40.27,41.28 1 0
github.com/lgbarn/pdf-cli/internal/commands/combine_images.go:41.28,43.4 1 0
github.com/lgbarn/pdf-cli/internal/commands/combine_images.go:44.3,44.29 1 0
github.com/lgbarn/pdf-cli/internal/commands/combine_images.go:44.29,46.4 1 0
github.com/lgbarn/pdf-cli/internal/commands/combine_images.go:49.2,49.48 1 0
github.com/lgbarn/pdf-cli/internal/commands/combine_images.go:49.48,51.3 1 0
github.com/lgbarn/pdf-cli/internal/commands/combine_images.go:53.2,55.72 2 0
github.com/lgbarn/pdf-cli/internal/commands/combine_images.go:55.72,57.3 1 0
github.com/lgbarn/pdf-cli/internal/commands/combine_images.go:59.2,60.12 2 0
github.com/lgbarn/pdf-cli/internal/commands/compress.go:13.13,18.2 4 1
github.com/lgbarn/pdf-cli/internal/commands/compress.go:42.59,48.64 4 1
github.com/lgbarn/pdf-cli/internal/commands/compress.go:48.64,50.3 1 0
github.com/lgbarn/pdf-cli/internal/commands/compress.go:52.2,52.73 1 1
github.com/lgbarn/pdf-cli/internal/commands/compress.go:52.73,54.3 1 0
github.com/lgbarn/pdf-cli/internal/commands/compress.go:56.2,56.57 1 1
github.com/lgbarn/pdf-cli/internal/commands/compress.go:56.57,58.3 1 1
github.com/lgbarn/pdf-cli/internal/commands/compress.go:61.88,64.16 2 0
github.com/lgbarn/pdf-cli/internal/commands/compress.go:64.16,66.3 1 0
github.com/lgbarn/pdf-cli/internal/commands/compress.go:67.2,72.14 4 0
github.com/lgbarn/pdf-cli/internal/commands/compress.go:72.14,74.17 2 0
github.com/lgbarn/pdf-cli/internal/commands/compress.go:74.17,76.4 1 0
github.com/lgbarn/pdf-cli/internal/commands/compress.go:77.3,79.26 3 0
github.com/lgbarn/pdf-cli/internal/commands/compress.go:79.26,79.51 1 0
github.com/lgbarn/pdf-cli/internal/commands/compress.go:80.3,80.24 1 0
github.com/lgbarn/pdf-cli/internal/commands/compress.go:81.8,83.49 2 0
github.com/lgbarn/pdf-cli/internal/commands/compress.go:83.49,85.4 1 0
github.com/lgbarn/pdf-cli/internal/commands/compress.go:88.2,88.66 1 0
github.com/lgbarn/pdf-cli/internal/commands/compress.go:88.66,90.3 1 0
github.com/lgbarn/pdf-cli/internal/commands/compress.go:92.2,92.14 1 0
github.com/lgbarn/pdf-cli/internal/commands/compress.go:92.14,94.3 1 0
github.com/lgbarn/pdf-cli/internal/commands/compress.go:96.2,98.12 3 0
github.com/lgbarn/pdf-cli/internal/commands/compress.go:101.69,102.56 1 1
github.com/lgbarn/pdf-cli/internal/commands/compress.go:102.56,104.3 1 0
github.com/lgbarn/pdf-cli/internal/commands/compress.go:106.2,109.48 3 1
github.com/lgbarn/pdf-cli/internal/commands/compress.go:109.48,111.3 1 0
github.com/lgbarn/pdf-cli/internal/commands/compress.go:113.2,115.66 2 1
github.com/lgbarn/pdf-cli/internal/commands/compress.go:115.66,117.3 1 0
github.com/lgbarn/pdf-cli/internal/commands/compress.go:119.2,126.17 7 1
github.com/lgbarn/pdf-cli/internal/commands/compress.go:126.17,128.3 1 1
github.com/lgbarn/pdf-cli/internal/commands/compress.go:128.8,130.3 1 0
github.com/lgbarn/pdf-cli/internal/commands/compress.go:132.2,132.12 1 1
github.com/lgbarn/pdf-cli/internal/commands/decrypt.go:13.13,19.2 5 1
github.com/lgbarn/pdf-cli/internal/commands/decrypt.go:41.58,46.20 4 1
github.com/lgbarn/pdf-cli/internal/commands/decrypt.go:46.20,48.3 1 0
github.com/lgbarn/pdf-cli/internal/commands/decrypt.go:51.2,51.64 1 1
github.com/lgbarn/pdf-cli/internal/commands/decrypt.go:51.64,53.3 1 0
github.com/lgbarn/pdf-cli/internal/commands/decrypt.go:55.2,55.72 1 1
github.com/lgbarn/pdf-cli/internal/commands/decrypt.go:55.72,57.3 1 0
github.com/lgbarn/pdf-cli/internal/commands/decrypt.go:59.2,59.57 1 1
github.com/lgbarn/pdf-cli/internal/commands/decrypt.go:59.57,61.3 1 1
github.com/lgbarn/pdf-cli/internal/commands/decrypt.go:64.87,67.16 2 0
github.com/lgbarn/pdf-cli/internal/commands/decrypt.go:67.16,69.3 1 0
github.com/lgbarn/pdf-cli/internal/commands/decrypt.go:70.2,75.14 4 0
github.com/lgbarn/pdf-cli/internal/commands/decrypt.go:75.14,77.17 2 0
github.com/lgbarn/pdf-cli/internal/commands/decrypt.go:77.17,79.4 1 0
github.com/lgbarn/pdf-cli/internal/commands/decrypt.go:80.3,82.26 3 0
github.com/lgbarn/pdf-cli/internal/commands/decrypt.go:82.26,82.51 1 0
github.com/lgbarn/pdf-cli/internal/commands/decrypt.go:83.3,83.24 1 0
github.com/lgbarn/pdf-cli/internal/commands/decrypt.go:84.8,86.49 2 0
github.com/lgbarn/pdf-cli/internal/commands/decrypt.go:86.49,88.4 1 0
github.com/lgbarn/pdf-cli/internal/commands/decrypt.go:91.2,91.65 1 0
github.com/lgbarn/pdf-cli/internal/commands/decrypt.go:91.65,93.3 1 0
github.com/lgbarn/pdf-cli/internal/commands/decrypt.go:95.2,95.14 1 0
github.com/lgbarn/pdf-cli/internal/commands/decrypt.go:95.14,97.3 1 0
github.com/lgbarn/pdf-cli/internal/commands/decrypt.go:99.2,100.12 2 0
github.com/lgbarn/pdf-cli/internal/commands/decrypt.go:103.68,104.56 1 1
github.com/lgbarn/pdf-cli/internal/commands/decrypt.go:104.56,106.3 1 0
github.com/lgbarn/pdf-cli/internal/commands/decrypt.go:108.2,110.48 2 1
github.com/lgbarn/pdf-cli/internal/commands/decrypt.go:110.48,112.3 1 0
github.com/lgbarn/pdf-cli/internal/commands/decrypt.go:114.2,116.65 2 1
github.com/lgbarn/pdf-cli/internal/commands/decrypt.go:116.65,118.3 1 0
github.com/lgbarn/pdf-cli/internal/commands/decrypt.go:120.2,121.12 2 1
github.com/lgbarn/pdf-cli/internal/commands/encrypt.go:13.13,20.2 6 1
github.com/lgbarn/pdf-cli/internal/commands/encrypt.go:42.58,48.24 5 1
github.com/lgbarn/pdf-cli/internal/commands/encrypt.go:48.24,50.3 1 0
github.com/lgbarn/pdf-cli/internal/commands/encrypt.go:53.2,53.64 1 1
github.com/lgbarn/pdf-cli/internal/commands/encrypt.go:53.64,55.3 1 0
github.com/lgbarn/pdf-cli/internal/commands/encrypt.go:57.2,57.72 1 1
github.com/lgbarn/pdf-cli/internal/commands/encrypt.go:57.72,59.3 1 0
github.com/lgbarn/pdf-cli/internal/commands/encrypt.go:61.2,61.57 1 1
github.com/lgbarn/pdf-cli/internal/commands/encrypt.go:61.57,63.3 1 1
github.com/lgbarn/pdf-cli/internal/commands/encrypt.go:66.106,69.16 2 0
github.com/lgbarn/pdf-cli/internal/commands/encrypt.go:69.16,71.3 1 0
github.com/lgbarn/pdf-cli/internal/commands/encrypt.go:72.2,77.14 4 0
github.com/lgbarn/pdf-cli/internal/commands/encrypt.go:77.14,79.17 2 0
github.com/lgbarn/pdf-cli/internal/commands/encrypt.go:79.17,81.4 1 0
github.com/lgbarn/pdf-cli/internal/commands/encrypt.go:82.3,84.26 3 0
github.com/lgbarn/pdf-cli/internal/commands/encrypt.go:84.26,84.51 1 0
github.com/lgbarn/pdf-cli/internal/commands/encrypt.go:85.3,85.24 1 0
github.com/lgbarn/pdf-cli/internal/commands/encrypt.go:86.8,88.49 2 0
github.com/lgbarn/pdf-cli/internal/commands/encrypt.go:88.49,90.4 1 0
github.com/lgbarn/pdf-cli/internal/commands/encrypt.go:93.2,93.84 1 0
github.com/lgbarn/pdf-cli/internal/commands/encrypt.go:93.84,95.3 1 0
github.com/lgbarn/pdf-cli/internal/commands/encrypt.go:97.2,97.14 1 0
github.com/lgbarn/pdf-cli/internal/commands/encrypt.go:97.14,99.3 1 0
github.com/lgbarn/pdf-cli/internal/commands/encrypt.go:101.2,102.12 2 0
github.com/lgbarn/pdf-cli/internal/commands/encrypt.go:105.87,106.56 1 1
github.com/lgbarn/pdf-cli/internal/commands/encrypt.go:106.56,108.3 1 0
github.com/lgbarn/pdf-cli/internal/commands/encrypt.go:110.2,112.48 2 1
github.com/lgbarn/pdf-cli/internal/commands/encrypt.go:112.48,114.3 1 0
github.com/lgbarn/pdf-cli/internal/commands/encrypt.go:116.2,118.84 2 1
github.com/lgbarn/pdf-cli/internal/commands/encrypt.go:118.84,120.3 1 0
github.com/lgbarn/pdf-cli/internal/commands/encrypt.go:122.2,123.12 2 1
github.com/lgbarn/pdf-cli/internal/commands/extract.go:13.13,20.2 6 1
github.com/lgbarn/pdf-cli/internal/commands/extract.go:42.58,50.16 6 1
github.com/lgbarn/pdf-cli/internal/commands/extract.go:50.16,52.3 1 0
github.com/lgbarn/pdf-cli/internal/commands/extract.go:53.2,55.34 2 1
github.com/lgbarn/pdf-cli/internal/commands/extract.go:55.34,56.57 1 1
github.com/lgbarn/pdf-cli/internal/commands/extract.go:56.57,58.4 1 0
github.com/lgbarn/pdf-cli/internal/commands/extract.go:61.2,62.16 2 1
github.com/lgbarn/pdf-cli/internal/commands/extract.go:62.16,64.3 1 0
github.com/lgbarn/pdf-cli/internal/commands/extract.go:66.2,66.21 1 1
github.com/lgbarn/pdf-cli/internal/commands/extract.go:66.21,68.3 1 0
github.com/lgbarn/pdf-cli/internal/commands/extract.go:71.2,73.14 3 1
github.com/lgbarn/pdf-cli/internal/commands/extract.go:73.14,75.17 2 0
github.com/lgbarn/pdf-cli/internal/commands/extract.go:75.17,77.4 1 0
github.com/lgbarn/pdf-cli/internal/commands/extract.go:78.3,80.26 3 0
github.com/lgbarn/pdf-cli/internal/commands/extract.go:80.26,80.51 1 0
github.com/lgbarn/pdf-cli/internal/commands/extract.go:81.3,81.24 1 0
github.com/lgbarn/pdf-cli/internal/commands/extract.go:82.8,84.49 2 1
github.com/lgbarn/pdf-cli/internal/commands/extract.go:84.49,86.4 1 0
github.com/lgbarn/pdf-cli/internal/commands/extract.go:89.2,91.77 2 1
github.com/lgbarn/pdf-cli/internal/commands/extract.go:91.77,93.3 1 0
github.com/lgbarn/pdf-cli/internal/commands/extract.go:95.2,95.14 1 1
github.com/lgbarn/pdf-cli/internal/commands/extract.go:95.14,97.3 1 0
github.com/lgbarn/pdf-cli/internal/commands/extract.go:99.2,100.12 2 1
github.com/lgbarn/pdf-cli/internal/commands/helpers.go:14.43,15.45 1 1
github.com/lgbarn/pdf-cli/internal/commands/helpers.go:15.45,17.3 1 1
github.com/lgbarn/pdf-cli/internal/commands/helpers.go:18.2,18.12 1 1
github.com/lgbarn/pdf-cli/internal/commands/helpers.go:23.81,24.20 1 1
github.com/lgbarn/pdf-cli/internal/commands/helpers.go:24.20,26.3 1 1
github.com/lgbarn/pdf-cli/internal/commands/helpers.go:28.2,29.16 2 1
github.com/lgbarn/pdf-cli/internal/commands/helpers.go:29.16,31.3 1 1
github.com/lgbarn/pdf-cli/internal/commands/helpers.go:33.2,34.16 2 1
github.com/lgbarn/pdf-cli/internal/commands/helpers.go:34.16,36.3 1 1
github.com/lgbarn/pdf-cli/internal/commands/helpers.go:38.2,38.67 1 1
github.com/lgbarn/pdf-cli/internal/commands/helpers.go:38.67,40.3 1 1
github.com/lgbarn/pdf-cli/internal/commands/helpers.go:42.2,42.19 1 1
github.com/lgbarn/pdf-cli/internal/commands/helpers.go:46.63,47.18 1 1
github.com/lgbarn/pdf-cli/internal/commands/helpers.go:47.18,49.3 1 1
github.com/lgbarn/pdf-cli/internal/commands/helpers.go:50.2,50.55 1 1
github.com/lgbarn/pdf-cli/internal/commands/helpers.go:55.71,56.36 1 1
github.com/lgbarn/pdf-cli/internal/commands/helpers.go:56.36,58.3 1 1
github.com/lgbarn/pdf-cli/internal/commands/helpers.go:59.2,59.12 1 1
github.com/lgbarn/pdf-cli/internal/commands/helpers.go:64.76,66.29 2 1
github.com/lgbarn/pdf-cli/internal/commands/helpers.go:66.29,67.41 1 1
github.com/lgbarn/pdf-cli/internal/commands/helpers.go:67.41,69.4 1 1
github.com/lgbarn/pdf-cli/internal/commands/helpers.go:71.2,71.29 1 1
github.com/lgbarn/pdf-cli/internal/commands/images.go:12.13,17.2 4 1
github.com/lgbarn/pdf-cli/internal/commands/images.go:35.57,40.56 4 0
github.com/lgbarn/pdf-cli/internal/commands/images.go:40.56,42.3 1 0
github.com/lgbarn/pdf-cli/internal/commands/images.go:44.2,45.21 2 0
github.com/lgbarn/pdf-cli/internal/commands/images.go:45.21,47.3 1 0
github.com/lgbarn/pdf-cli/internal/commands/images.go:49.2,49.50 1 0
github.com/lgbarn/pdf-cli/internal/commands/images.go:49.50,51.3 1 0
github.com/lgbarn/pdf-cli/internal/commands/images.go:53.2,54.16 2 0
github.com/lgbarn/pdf-cli/internal/commands/images.go:54.16,56.3 1 0
github.com/lgbarn/pdf-cli/internal/commands/images.go:58.2,60.81 2 0
github.com/lgbarn/pdf-cli/internal/commands/images.go:60.81,62.3 1 0
github.com/lgbarn/pdf-cli/internal/commands/images.go:64.2,65.12 2 0
github.com/lgbarn/pdf-cli/internal/commands/info.go:15.13,19.2 3 1
github.com/lgbarn/pdf-cli/internal/commands/info.go:42.55,48.20 4 1
github.com/lgbarn/pdf-cli/internal/commands/info.go:48.20,53.17 3 1
github.com/lgbarn/pdf-cli/internal/commands/info.go:53.17,55.4 1 0
github.com/lgbarn/pdf-cli/internal/commands/info.go:56.3,58.88 2 1
github.com/lgbarn/pdf-cli/internal/commands/info.go:62.2,62.52 1 0
github.com/lgbarn/pdf-cli/internal/commands/info.go:76.105,77.14 1 1
github.com/lgbarn/pdf-cli/internal/commands/info.go:77.14,78.57 1 1
github.com/lgbarn/pdf-cli/internal/commands/info.go:78.57,80.4 1 0
github.com/lgbarn/pdf-cli/internal/commands/info.go:83.2,86.16 3 1
github.com/lgbarn/pdf-cli/internal/commands/info.go:86.16,88.3 1 0
github.com/lgbarn/pdf-cli/internal/commands/info.go:91.2,91.30 1 1
github.com/lgbarn/pdf-cli/internal/commands/info.go:91.30,101.23 2 0
github.com/lgbarn/pdf-cli/internal/commands/info.go:101.23,103.4 1 0
github.com/lgbarn/pdf-cli/internal/commands/info.go:104.3,104.24 1 0
github.com/lgbarn/pdf-cli/internal/commands/info.go:104.24,106.4 1 0
github.com/lgbarn/pdf-cli/internal/commands/info.go:107.3,107.25 1 0
github.com/lgbarn/pdf-cli/internal/commands/info.go:107.25,109.4 1 0
github.com/lgbarn/pdf-cli/internal/commands/info.go:110.3,110.26 1 0
github.com/lgbarn/pdf-cli/internal/commands/info.go:110.26,112.4 1 0
github.com/lgbarn/pdf-cli/internal/commands/info.go:113.3,113.25 1 0
github.com/lgbarn/pdf-cli/internal/commands/info.go:113.25,115.4 1 0
github.com/lgbarn/pdf-cli/internal/commands/info.go:116.3,116.26 1 0
github.com/lgbarn/pdf-cli/internal/commands/info.go:116.26,118.4 1 0
github.com/lgbarn/pdf-cli/internal/commands/info.go:119.3,119.33 1 0
github.com/lgbarn/pdf-cli/internal/commands/info.go:123.2,136.12 12 1
github.com/lgbarn/pdf-cli/internal/commands/info.go:139.95,141.30 1 0
github.com/lgbarn/pdf-cli/internal/commands/info.go:141.30,143.30 2 0
github.com/lgbarn/pdf-cli/internal/commands/info.go:143.30,144.53 1 0
github.com/lgbarn/pdf-cli/internal/commands/info.go:144.53,145.13 1 0
github.com/lgbarn/pdf-cli/internal/commands/info.go:147.4,148.18 2 0
github.com/lgbarn/pdf-cli/internal/commands/info.go:148.18,149.13 1 0
github.com/lgbarn/pdf-cli/internal/commands/info.go:151.4,160.24 2 0
github.com/lgbarn/pdf-cli/internal/commands/info.go:160.24,162.5 1 0
github.com/lgbarn/pdf-cli/internal/commands/info.go:163.4,163.25 1 0
github.com/lgbarn/pdf-cli/internal/commands/info.go:163.25,165.5 1 0
github.com/lgbarn/pdf-cli/internal/commands/info.go:166.4,166.37 1 0
github.com/lgbarn/pdf-cli/internal/commands/info.go:169.3,169.42 1 0
github.com/lgbarn/pdf-cli/internal/commands/info.go:169.42,171.4 1 0
github.com/lgbarn/pdf-cli/internal/commands/info.go:174.3,176.29 3 0
github.com/lgbarn/pdf-cli/internal/commands/info.go:176.29,184.4 1 0
github.com/lgbarn/pdf-cli/internal/commands/info.go:185.3,185.45 1 0
github.com/lgbarn/pdf-cli/internal/commands/info.go:189.2,193.29 4 0
github.com/lgbarn/pdf-cli/internal/commands/info.go:193.29,194.52 1 0
github.com/lgbarn/pdf-cli/internal/commands/info.go:194.52,197.12 3 0
github.com/lgbarn/pdf-cli/internal/commands/info.go:200.3,201.17 2 0
github.com/lgbarn/pdf-cli/internal/commands/info.go:201.17,204.12 3 0
github.com/lgbarn/pdf-cli/internal/commands/info.go:207.3,211.39 1 0
github.com/lgbarn/pdf-cli/internal/commands/info.go:214.2,214.15 1 0
github.com/lgbarn/pdf-cli/internal/commands/info.go:214.15,217.3 2 0
github.com/lgbarn/pdf-cli/internal/commands/info.go:219.2,219.12 1 0
github.com/lgbarn/pdf-cli/internal/commands/info.go:222.38,223.17 1 1
github.com/lgbarn/pdf-cli/internal/commands/info.go:223.17,225.3 1 0
github.com/lgbarn/pdf-cli/internal/commands/info.go:228.50,229.22 1 0
github.com/lgbarn/pdf-cli/internal/commands/info.go:229.22,231.3 1 0
github.com/lgbarn/pdf-cli/internal/commands/info.go:232.2,232.17 1 0
github.com/lgbarn/pdf-cli/internal/commands/info.go:232.17,234.3 1 0
github.com/lgbarn/pdf-cli/internal/commands/info.go:235.2,235.29 1 0
github.com/lgbarn/pdf-cli/internal/commands/merge.go:12.13,17.2 4 1
github.com/lgbarn/pdf-cli/internal/commands/merge.go:35.56,39.52 3 1
github.com/lgbarn/pdf-cli/internal/commands/merge.go:39.52,41.3 1 0
github.com/lgbarn/pdf-cli/internal/commands/merge.go:43.2,43.48 1 1
github.com/lgbarn/pdf-cli/internal/commands/merge.go:43.48,45.3 1 0
github.com/lgbarn/pdf-cli/internal/commands/merge.go:47.2,49.86 2 1
github.com/lgbarn/pdf-cli/internal/commands/merge.go:49.86,51.3 1 0
github.com/lgbarn/pdf-cli/internal/commands/merge.go:53.2,54.12 2 1
github.com/lgbarn/pdf-cli/internal/commands/meta.go:13.13,23.2 9 1
github.com/lgbarn/pdf-cli/internal/commands/meta.go:45.55,59.19 11 1
github.com/lgbarn/pdf-cli/internal/commands/meta.go:59.19,60.20 1 0
github.com/lgbarn/pdf-cli/internal/commands/meta.go:60.20,62.4 1 0
github.com/lgbarn/pdf-cli/internal/commands/meta.go:63.3,63.91 1 0
github.com/lgbarn/pdf-cli/internal/commands/meta.go:66.2,66.20 1 1
github.com/lgbarn/pdf-cli/internal/commands/meta.go:66.20,68.3 1 1
github.com/lgbarn/pdf-cli/internal/commands/meta.go:70.2,70.53 1 0
github.com/lgbarn/pdf-cli/internal/commands/meta.go:84.86,85.56 1 1
github.com/lgbarn/pdf-cli/internal/commands/meta.go:85.56,87.3 1 0
github.com/lgbarn/pdf-cli/internal/commands/meta.go:89.2,92.16 3 1
github.com/lgbarn/pdf-cli/internal/commands/meta.go:92.16,94.3 1 0
github.com/lgbarn/pdf-cli/internal/commands/meta.go:97.2,97.30 1 1
github.com/lgbarn/pdf-cli/internal/commands/meta.go:97.30,108.3 2 0
github.com/lgbarn/pdf-cli/internal/commands/meta.go:111.2,113.24 2 1
github.com/lgbarn/pdf-cli/internal/commands/meta.go:113.24,116.3 2 1
github.com/lgbarn/pdf-cli/internal/commands/meta.go:118.2,119.12 2 0
github.com/lgbarn/pdf-cli/internal/commands/meta.go:122.96,124.30 1 0
github.com/lgbarn/pdf-cli/internal/commands/meta.go:124.30,126.30 2 0
github.com/lgbarn/pdf-cli/internal/commands/meta.go:126.30,127.53 1 0
github.com/lgbarn/pdf-cli/internal/commands/meta.go:127.53,128.13 1 0
github.com/lgbarn/pdf-cli/internal/commands/meta.go:130.4,131.18 2 0
github.com/lgbarn/pdf-cli/internal/commands/meta.go:131.18,132.13 1 0
github.com/lgbarn/pdf-cli/internal/commands/meta.go:134.4,142.6 1 0
github.com/lgbarn/pdf-cli/internal/commands/meta.go:145.3,145.42 1 0
github.com/lgbarn/pdf-cli/internal/commands/meta.go:145.42,147.4 1 0
github.com/lgbarn/pdf-cli/internal/commands/meta.go:150.3,152.29 3 0
github.com/lgbarn/pdf-cli/internal/commands/meta.go:152.29,156.4 1 0
github.com/lgbarn/pdf-cli/internal/commands/meta.go:157.3,157.45 1 0
github.com/lgbarn/pdf-cli/internal/commands/meta.go:161.2,161.29 1 0
github.com/lgbarn/pdf-cli/internal/commands/meta.go:161.29,162.12 1 0
github.com/lgbarn/pdf-cli/internal/commands/meta.go:162.12,164.4 1 0
github.com/lgbarn/pdf-cli/internal/commands/meta.go:166.3,168.52 2 0
github.com/lgbarn/pdf-cli/internal/commands/meta.go:168.52,170.12 2 0
github.com/lgbarn/pdf-cli/internal/commands/meta.go:173.3,174.17 2 0
github.com/lgbarn/pdf-cli/internal/commands/meta.go:174.17,176.12 2 0
github.com/lgbarn/pdf-cli/internal/commands/meta.go:179.3,179.25 1 0
github.com/lgbarn/pdf-cli/internal/commands/meta.go:179.25,181.12 2 0
github.com/lgbarn/pdf-cli/internal/commands/meta.go:184.3,184.28 1 0
github.com/lgbarn/pdf-cli/internal/commands/meta.go:187.2,187.12 1 0
github.com/lgbarn/pdf-cli/internal/commands/meta.go:190.103,191.56 1 0
github.com/lgbarn/pdf-cli/internal/commands/meta.go:191.56,193.3 1 0
github.com/lgbarn/pdf-cli/internal/commands/meta.go:195.2,197.48 2 0
github.com/lgbarn/pdf-cli/internal/commands/meta.go:197.48,199.3 1 0
github.com/lgbarn/pdf-cli/internal/commands/meta.go:201.2,211.75 3 0
github.com/lgbarn/pdf-cli/internal/commands/meta.go:211.75,213.3 1 0
github.com/lgbarn/pdf-cli/internal/commands/meta.go:215.2,216.12 2 0
github.com/lgbarn/pdf-cli/internal/commands/meta.go:219.43,222.2 1 1
github.com/lgbarn/pdf-cli/internal/commands/meta.go:224.46,231.2 6 0
github.com/lgbarn/pdf-cli/internal/commands/pdfa.go:13.13,26.2 10 1
github.com/lgbarn/pdf-cli/internal/commands/pdfa.go:97.63,104.56 6 0
github.com/lgbarn/pdf-cli/internal/commands/pdfa.go:104.56,106.3 1 0
github.com/lgbarn/pdf-cli/internal/commands/pdfa.go:108.2,109.17 2 0
github.com/lgbarn/pdf-cli/internal/commands/pdfa.go:109.17,111.3 1 0
github.com/lgbarn/pdf-cli/internal/commands/pdfa.go:113.2,114.16 2 0
github.com/lgbarn/pdf-cli/internal/commands/pdfa.go:114.16,116.3 1 0
github.com/lgbarn/pdf-cli/internal/commands/pdfa.go:119.2,119.30 1 0
github.com/lgbarn/pdf-cli/internal/commands/pdfa.go:119.30,128.3 2 0
github.com/lgbarn/pdf-cli/internal/commands/pdfa.go:131.2,131.20 1 0
github.com/lgbarn/pdf-cli/internal/commands/pdfa.go:131.20,133.3 1 0
github.com/lgbarn/pdf-cli/internal/commands/pdfa.go:133.8,135.3 1 0
github.com/lgbarn/pdf-cli/internal/commands/pdfa.go:137.2,137.28 1 0
github.com/lgbarn/pdf-cli/internal/commands/pdfa.go:137.28,139.35 2 0
github.com/lgbarn/pdf-cli/internal/commands/pdfa.go:139.35,141.4 1 0
github.com/lgbarn/pdf-cli/internal/commands/pdfa.go:144.2,144.30 1 0
github.com/lgbarn/pdf-cli/internal/commands/pdfa.go:144.30,146.37 2 0
github.com/lgbarn/pdf-cli/internal/commands/pdfa.go:146.37,148.4 1 0
github.com/lgbarn/pdf-cli/internal/commands/pdfa.go:151.2,151.12 1 0
github.com/lgbarn/pdf-cli/internal/commands/pdfa.go:154.62,163.16 7 0
github.com/lgbarn/pdf-cli/internal/commands/pdfa.go:163.16,165.3 1 0
github.com/lgbarn/pdf-cli/internal/commands/pdfa.go:166.2,168.34 2 0
github.com/lgbarn/pdf-cli/internal/commands/pdfa.go:168.34,169.57 1 0
github.com/lgbarn/pdf-cli/internal/commands/pdfa.go:169.57,171.4 1 0
github.com/lgbarn/pdf-cli/internal/commands/pdfa.go:175.2,177.14 3 0
github.com/lgbarn/pdf-cli/internal/commands/pdfa.go:177.14,179.17 2 0
github.com/lgbarn/pdf-cli/internal/commands/pdfa.go:179.17,181.4 1 0
github.com/lgbarn/pdf-cli/internal/commands/pdfa.go:182.3,184.26 3 0
github.com/lgbarn/pdf-cli/internal/commands/pdfa.go:184.26,184.57 1 0
github.com/lgbarn/pdf-cli/internal/commands/pdfa.go:185.3,185.24 1 0
github.com/lgbarn/pdf-cli/internal/commands/pdfa.go:186.8,188.55 2 0
github.com/lgbarn/pdf-cli/internal/commands/pdfa.go:188.55,190.4 1 0
github.com/lgbarn/pdf-cli/internal/commands/pdfa.go:193.2,195.84 2 0
github.com/lgbarn/pdf-cli/internal/commands/pdfa.go:195.84,197.3 1 0
github.com/lgbarn/pdf-cli/internal/commands/pdfa.go:199.2,199.14 1 0
github.com/lgbarn/pdf-cli/internal/commands/pdfa.go:199.14,201.3 1 0
github.com/lgbarn/pdf-cli/internal/commands/pdfa.go:203.2,207.12 4 0
github.com/lgbarn/pdf-cli/internal/commands/reorder.go:13.13,20.2 6 1
github.com/lgbarn/pdf-cli/internal/commands/reorder.go:44.58,53.16 7 0
github.com/lgbarn/pdf-cli/internal/commands/reorder.go:53.16,55.3 1 0
github.com/lgbarn/pdf-cli/internal/commands/reorder.go:56.2,58.34 2 0
github.com/lgbarn/pdf-cli/internal/commands/reorder.go:58.34,59.57 1 0
github.com/lgbarn/pdf-cli/internal/commands/reorder.go:59.57,61.4 1 0
github.com/lgbarn/pdf-cli/internal/commands/reorder.go:64.2,65.16 2 0
github.com/lgbarn/pdf-cli/internal/commands/reorder.go:65.16,67.3 1 0
github.com/lgbarn/pdf-cli/internal/commands/reorder.go:69.2,70.16 2 0
github.com/lgbarn/pdf-cli/internal/commands/reorder.go:70.16,72.3 1 0
github.com/lgbarn/pdf-cli/internal/commands/reorder.go:75.2,77.14 3 0
github.com/lgbarn/pdf-cli/internal/commands/reorder.go:77.14,79.17 2 0
github.com/lgbarn/pdf-cli/internal/commands/reorder.go:79.17,81.4 1 0
github.com/lgbarn/pdf-cli/internal/commands/reorder.go:82.3,84.26 3 0
github.com/lgbarn/pdf-cli/internal/commands/reorder.go:84.26,84.57 1 0
github.com/lgbarn/pdf-cli/internal/commands/reorder.go:85.3,85.24 1 0
github.com/lgbarn/pdf-cli/internal/commands/reorder.go:86.8,88.55 2 0
github.com/lgbarn/pdf-cli/internal/commands/reorder.go:88.55,90.4 1 0
github.com/lgbarn/pdf-cli/internal/commands/reorder.go:93.2,96.83 3 0
github.com/lgbarn/pdf-cli/internal/commands/reorder.go:96.83,98.3 1 0
github.com/lgbarn/pdf-cli/internal/commands/reorder.go:100.2,100.14 1 0
github.com/lgbarn/pdf-cli/internal/commands/reorder.go:100.14,102.3 1 0
github.com/lgbarn/pdf-cli/internal/commands/reorder.go:104.2,105.12 2 0
github.com/lgbarn/pdf-cli/internal/commands/rotate.go:13.13,20.2 6 1
github.com/lgbarn/pdf-cli/internal/commands/rotate.go:42.57,49.49 6 1
github.com/lgbarn/pdf-cli/internal/commands/rotate.go:49.49,51.3 1 1
github.com/lgbarn/pdf-cli/internal/commands/rotate.go:54.2,54.64 1 1
github.com/lgbarn/pdf-cli/internal/commands/rotate.go:54.64,56.3 1 0
github.com/lgbarn/pdf-cli/internal/commands/rotate.go:58.2,58.70 1 1
github.com/lgbarn/pdf-cli/internal/commands/rotate.go:58.70,60.3 1 0
github.com/lgbarn/pdf-cli/internal/commands/rotate.go:62.2,62.57 1 1
github.com/lgbarn/pdf-cli/internal/commands/rotate.go:62.57,64.3 1 1
github.com/lgbarn/pdf-cli/internal/commands/rotate.go:67.107,70.16 2 0
github.com/lgbarn/pdf-cli/internal/commands/rotate.go:70.16,72.3 1 0
github.com/lgbarn/pdf-cli/internal/commands/rotate.go:73.2,76.16 3 0
github.com/lgbarn/pdf-cli/internal/commands/rotate.go:76.16,78.3 1 0
github.com/lgbarn/pdf-cli/internal/commands/rotate.go:81.2,83.14 3 0
github.com/lgbarn/pdf-cli/internal/commands/rotate.go:83.14,85.17 2 0
github.com/lgbarn/pdf-cli/internal/commands/rotate.go:85.17,87.4 1 0
github.com/lgbarn/pdf-cli/internal/commands/rotate.go:88.3,90.26 3 0
github.com/lgbarn/pdf-cli/internal/commands/rotate.go:90.26,90.51 1 0
github.com/lgbarn/pdf-cli/internal/commands/rotate.go:91.3,91.24 1 0
github.com/lgbarn/pdf-cli/internal/commands/rotate.go:92.8,94.49 2 0
github.com/lgbarn/pdf-cli/internal/commands/rotate.go:94.49,96.4 1 0
github.com/lgbarn/pdf-cli/internal/commands/rotate.go:99.2,99.78 1 0
github.com/lgbarn/pdf-cli/internal/commands/rotate.go:99.78,101.3 1 0
github.com/lgbarn/pdf-cli/internal/commands/rotate.go:103.2,103.14 1 0
github.com/lgbarn/pdf-cli/internal/commands/rotate.go:103.14,105.3 1 0
github.com/lgbarn/pdf-cli/internal/commands/rotate.go:107.2,108.12 2 0
github.com/lgbarn/pdf-cli/internal/commands/rotate.go:111.88,112.56 1 1
github.com/lgbarn/pdf-cli/internal/commands/rotate.go:112.56,114.3 1 0
github.com/lgbarn/pdf-cli/internal/commands/rotate.go:116.2,117.16 2 1
github.com/lgbarn/pdf-cli/internal/commands/rotate.go:117.16,119.3 1 0
github.com/lgbarn/pdf-cli/internal/commands/rotate.go:121.2,123.48 2 1
github.com/lgbarn/pdf-cli/internal/commands/rotate.go:123.48,125.3 1 0
github.com/lgbarn/pdf-cli/internal/commands/rotate.go:127.2,128.20 2 1
github.com/lgbarn/pdf-cli/internal/commands/rotate.go:128.20,130.3 1 1
github.com/lgbarn/pdf-cli/internal/commands/rotate.go:131.2,133.78 2 1
github.com/lgbarn/pdf-cli/internal/commands/rotate.go:133.78,135.3 1 0
github.com/lgbarn/pdf-cli/internal/commands/rotate.go:137.2,138.12 2 1
github.com/lgbarn/pdf-cli/internal/commands/split.go:13.13,18.2 4 1
github.com/lgbarn/pdf-cli/internal/commands/split.go:38.56,45.56 5 1
github.com/lgbarn/pdf-cli/internal/commands/split.go:45.56,47.3 1 0
github.com/lgbarn/pdf-cli/internal/commands/split.go:50.2,50.21 1 1
github.com/lgbarn/pdf-cli/internal/commands/split.go:50.21,52.3 1 0
github.com/lgbarn/pdf-cli/internal/commands/split.go:55.2,55.50 1 1
github.com/lgbarn/pdf-cli/internal/commands/split.go:55.50,57.3 1 0
github.com/lgbarn/pdf-cli/internal/commands/split.go:59.2,61.108 2 1
github.com/lgbarn/pdf-cli/internal/commands/split.go:61.108,63.3 1 0
github.com/lgbarn/pdf-cli/internal/commands/split.go:65.2,66.12 2 1
github.com/lgbarn/pdf-cli/internal/commands/text.go:15.13,23.2 7 1
github.com/lgbarn/pdf-cli/internal/commands/text.go:48.55,59.16 9 1
github.com/lgbarn/pdf-cli/internal/commands/text.go:59.16,61.3 1 0
github.com/lgbarn/pdf-cli/internal/commands/text.go:62.2,64.34 2 1
github.com/lgbarn/pdf-cli/internal/commands/text.go:64.34,65.57 1 1
github.com/lgbarn/pdf-cli/internal/commands/text.go:65.57,67.4 1 0
github.com/lgbarn/pdf-cli/internal/commands/text.go:70.2,71.16 2 1
github.com/lgbarn/pdf-cli/internal/commands/text.go:71.16,73.3 1 0
github.com/lgbarn/pdf-cli/internal/commands/text.go:75.2,77.12 2 1
github.com/lgbarn/pdf-cli/internal/commands/text.go:77.12,85.17 4 0
github.com/lgbarn/pdf-cli/internal/commands/text.go:85.17,87.4 1 0
github.com/lgbarn/pdf-cli/internal/commands/text.go:88.3,93.17 4 0
github.com/lgbarn/pdf-cli/internal/commands/text.go:93.17,95.4 1 0
github.com/lgbarn/pdf-cli/internal/commands/text.go:96.8,100.17 3 1
github.com/lgbarn/pdf-cli/internal/commands/text.go:100.17,102.4 1 0
github.com/lgbarn/pdf-cli/internal/commands/text.go:104.3,104.36 1 1
github.com/lgbarn/pdf-cli/internal/commands/text.go:104.36,106.4 1 0
github.com/lgbarn/pdf-cli/internal/commands/text.go:109.2,109.18 1 1
github.com/lgbarn/pdf-cli/internal/commands/text.go:109.18,112.3 2 1
github.com/lgbarn/pdf-cli/internal/commands/text.go:114.2,114.48 1 1
github.com/lgbarn/pdf-cli/internal/commands/text.go:114.48,116.3 1 0
github.com/lgbarn/pdf-cli/internal/commands/text.go:118.2,118.65 1 1
github.com/lgbarn/pdf-cli/internal/commands/text.go:118.65,120.3 1 0
github.com/lgbarn/pdf-cli/internal/commands/text.go:121.2,122.12 2 1
github.com/lgbarn/pdf-cli/internal/commands/watermark.go:12.13,19.2 6 1
github.com/lgbarn/pdf-cli/internal/commands/watermark.go:44.60,51.31 6 1
github.com/lgbarn/pdf-cli/internal/commands/watermark.go:51.31,53.3 1 1
github.com/lgbarn/pdf-cli/internal/commands/watermark.go:54.2,54.31 1 1
github.com/lgbarn/pdf-cli/internal/commands/watermark.go:54.31,56.3 1 1
github.com/lgbarn/pdf-cli/internal/commands/watermark.go:58.2,58.44 1 1
github.com/lgbarn/pdf-cli/internal/commands/watermark.go:58.44,60.3 1 0
github.com/lgbarn/pdf-cli/internal/commands/watermark.go:62.2,62.74 1 1
github.com/lgbarn/pdf-cli/internal/commands/watermark.go:62.74,64.3 1 0
github.com/lgbarn/pdf-cli/internal/commands/watermark.go:66.2,66.57 1 1
github.com/lgbarn/pdf-cli/internal/commands/watermark.go:66.57,68.3 1 1
github.com/lgbarn/pdf-cli/internal/commands/watermark.go:71.93,72.56 1 1
github.com/lgbarn/pdf-cli/internal/commands/watermark.go:72.56,74.3 1 0
github.com/lgbarn/pdf-cli/internal/commands/watermark.go:76.2,77.16 2 1
github.com/lgbarn/pdf-cli/internal/commands/watermark.go:77.16,79.3 1 0
github.com/lgbarn/pdf-cli/internal/commands/watermark.go:81.2,83.48 2 1
github.com/lgbarn/pdf-cli/internal/commands/watermark.go:83.48,85.3 1 0
github.com/lgbarn/pdf-cli/internal/commands/watermark.go:87.2,87.16 1 1
github.com/lgbarn/pdf-cli/internal/commands/watermark.go:87.16,89.84 2 1
github.com/lgbarn/pdf-cli/internal/commands/watermark.go:89.84,91.4 1 0
github.com/lgbarn/pdf-cli/internal/commands/watermark.go:92.8,94.90 2 1
github.com/lgbarn/pdf-cli/internal/commands/watermark.go:94.90,96.4 1 0
github.com/lgbarn/pdf-cli/internal/commands/watermark.go:99.2,100.12 2 1
