mode: set
github.com/lgbarn/pdf-cli/internal/ocr/backend.go:24.38,25.11 1 1
github.com/lgbarn/pdf-cli/internal/ocr/backend.go:26.21,27.18 1 1
github.com/lgbarn/pdf-cli/internal/ocr/backend.go:28.19,29.16 1 1
github.com/lgbarn/pdf-cli/internal/ocr/backend.go:30.10,31.16 1 1
github.com/lgbarn/pdf-cli/internal/ocr/backend.go:36.45,37.11 1 1
github.com/lgbarn/pdf-cli/internal/ocr/backend.go:38.16,39.23 1 1
github.com/lgbarn/pdf-cli/internal/ocr/backend.go:40.14,41.21 1 1
github.com/lgbarn/pdf-cli/internal/ocr/backend.go:42.10,43.21 1 1
github.com/lgbarn/pdf-cli/internal/ocr/detect.go:24.51,26.16 2 1
github.com/lgbarn/pdf-cli/internal/ocr/detect.go:26.16,28.3 1 0
github.com/lgbarn/pdf-cli/internal/ocr/detect.go:30.2,31.16 2 1
github.com/lgbarn/pdf-cli/internal/ocr/detect.go:31.16,33.3 1 0
github.com/lgbarn/pdf-cli/internal/ocr/detect.go:35.2,41.8 2 1
github.com/lgbarn/pdf-cli/internal/ocr/detect.go:44.64,48.36 3 1
github.com/lgbarn/pdf-cli/internal/ocr/detect.go:48.36,50.3 1 1
github.com/lgbarn/pdf-cli/internal/ocr/detect.go:52.2,53.21 2 1
github.com/lgbarn/pdf-cli/internal/ocr/detect.go:53.21,55.3 1 0
github.com/lgbarn/pdf-cli/internal/ocr/detect.go:57.2,58.67 2 1
github.com/lgbarn/pdf-cli/internal/ocr/detect.go:58.67,60.3 1 1
github.com/lgbarn/pdf-cli/internal/ocr/detect.go:62.2,62.23 1 0
github.com/lgbarn/pdf-cli/internal/ocr/detect.go:65.60,67.74 1 1
github.com/lgbarn/pdf-cli/internal/ocr/detect.go:67.74,69.3 1 0
github.com/lgbarn/pdf-cli/internal/ocr/detect.go:72.2,74.89 3 1
github.com/lgbarn/pdf-cli/internal/ocr/detect.go:74.89,76.3 1 0
github.com/lgbarn/pdf-cli/internal/ocr/detect.go:79.2,79.48 1 1
github.com/lgbarn/pdf-cli/internal/ocr/detect.go:79.48,80.31 1 1
github.com/lgbarn/pdf-cli/internal/ocr/detect.go:80.31,82.4 1 1
github.com/lgbarn/pdf-cli/internal/ocr/detect.go:85.2,85.55 1 0
github.com/lgbarn/pdf-cli/internal/ocr/detect.go:88.54,90.65 2 1
github.com/lgbarn/pdf-cli/internal/ocr/detect.go:90.65,92.3 1 1
github.com/lgbarn/pdf-cli/internal/ocr/detect.go:93.2,93.11 1 1
github.com/lgbarn/pdf-cli/internal/ocr/detect.go:96.40,97.22 1 1
github.com/lgbarn/pdf-cli/internal/ocr/detect.go:98.16,103.4 1 1
github.com/lgbarn/pdf-cli/internal/ocr/detect.go:104.15,110.4 1 0
github.com/lgbarn/pdf-cli/internal/ocr/detect.go:111.17,115.4 1 0
github.com/lgbarn/pdf-cli/internal/ocr/detect.go:116.10,117.13 1 0
github.com/lgbarn/pdf-cli/internal/ocr/detect.go:121.43,122.16 1 1
github.com/lgbarn/pdf-cli/internal/ocr/detect.go:122.16,124.3 1 1
github.com/lgbarn/pdf-cli/internal/ocr/detect.go:126.2,127.33 2 1
github.com/lgbarn/pdf-cli/internal/ocr/detect.go:127.33,129.3 1 1
github.com/lgbarn/pdf-cli/internal/ocr/detect.go:131.2,132.16 2 1
github.com/lgbarn/pdf-cli/internal/ocr/detect.go:132.16,134.3 1 0
github.com/lgbarn/pdf-cli/internal/ocr/detect.go:136.2,136.32 1 1
github.com/lgbarn/pdf-cli/internal/ocr/detect.go:136.32,137.54 1 1
github.com/lgbarn/pdf-cli/internal/ocr/detect.go:137.54,139.4 1 1
github.com/lgbarn/pdf-cli/internal/ocr/detect.go:141.2,141.14 1 1
github.com/lgbarn/pdf-cli/internal/ocr/native.go:20.69,22.16 2 1
github.com/lgbarn/pdf-cli/internal/ocr/native.go:22.16,24.3 1 0
github.com/lgbarn/pdf-cli/internal/ocr/native.go:26.2,27.20 2 1
github.com/lgbarn/pdf-cli/internal/ocr/native.go:27.20,29.3 1 1
github.com/lgbarn/pdf-cli/internal/ocr/native.go:31.2,35.8 1 1
github.com/lgbarn/pdf-cli/internal/ocr/native.go:38.39,40.2 1 1
github.com/lgbarn/pdf-cli/internal/ocr/native.go:42.42,44.2 1 1
github.com/lgbarn/pdf-cli/internal/ocr/native.go:46.99,50.16 3 1
github.com/lgbarn/pdf-cli/internal/ocr/native.go:50.16,52.3 1 0
github.com/lgbarn/pdf-cli/internal/ocr/native.go:53.2,68.16 11 1
github.com/lgbarn/pdf-cli/internal/ocr/native.go:68.16,70.3 1 1
github.com/lgbarn/pdf-cli/internal/ocr/native.go:72.2,73.16 2 0
github.com/lgbarn/pdf-cli/internal/ocr/native.go:73.16,75.3 1 0
github.com/lgbarn/pdf-cli/internal/ocr/native.go:77.2,77.45 1 0
github.com/lgbarn/pdf-cli/internal/ocr/native.go:80.80,82.25 2 1
github.com/lgbarn/pdf-cli/internal/ocr/native.go:82.25,84.3 1 1
github.com/lgbarn/pdf-cli/internal/ocr/native.go:85.2,85.56 1 1
github.com/lgbarn/pdf-cli/internal/ocr/native.go:88.39,90.2 1 1
github.com/lgbarn/pdf-cli/internal/ocr/native.go:93.42,95.16 2 1
github.com/lgbarn/pdf-cli/internal/ocr/native.go:95.16,97.3 1 0
github.com/lgbarn/pdf-cli/internal/ocr/native.go:98.2,98.21 1 1
github.com/lgbarn/pdf-cli/internal/ocr/native.go:102.55,103.25 1 1
github.com/lgbarn/pdf-cli/internal/ocr/native.go:103.25,105.3 1 1
github.com/lgbarn/pdf-cli/internal/ocr/native.go:106.2,107.19 2 1
github.com/lgbarn/pdf-cli/internal/ocr/native.go:110.48,111.16 1 1
github.com/lgbarn/pdf-cli/internal/ocr/native.go:111.16,113.3 1 1
github.com/lgbarn/pdf-cli/internal/ocr/native.go:114.2,114.20 1 1
github.com/lgbarn/pdf-cli/internal/ocr/native.go:114.20,116.3 1 1
github.com/lgbarn/pdf-cli/internal/ocr/native.go:117.2,117.14 1 1
github.com/lgbarn/pdf-cli/internal/ocr/ocr.go:42.46,47.2 1 1
github.com/lgbarn/pdf-cli/internal/ocr/ocr.go:50.64,52.19 2 1
github.com/lgbarn/pdf-cli/internal/ocr/ocr.go:52.19,55.17 3 1
github.com/lgbarn/pdf-cli/internal/ocr/ocr.go:55.17,57.4 1 0
github.com/lgbarn/pdf-cli/internal/ocr/ocr.go:60.2,61.16 2 1
github.com/lgbarn/pdf-cli/internal/ocr/ocr.go:61.16,63.3 1 1
github.com/lgbarn/pdf-cli/internal/ocr/ocr.go:65.2,72.16 3 1
github.com/lgbarn/pdf-cli/internal/ocr/ocr.go:72.16,74.3 1 0
github.com/lgbarn/pdf-cli/internal/ocr/ocr.go:75.2,77.20 2 1
github.com/lgbarn/pdf-cli/internal/ocr/ocr.go:80.51,81.23 1 1
github.com/lgbarn/pdf-cli/internal/ocr/ocr.go:82.21,84.17 2 1
github.com/lgbarn/pdf-cli/internal/ocr/ocr.go:84.17,86.4 1 0
github.com/lgbarn/pdf-cli/internal/ocr/ocr.go:87.3,87.22 1 1
github.com/lgbarn/pdf-cli/internal/ocr/ocr.go:89.19,90.43 1 1
github.com/lgbarn/pdf-cli/internal/ocr/ocr.go:92.10,93.63 1 1
github.com/lgbarn/pdf-cli/internal/ocr/ocr.go:93.63,95.4 1 1
github.com/lgbarn/pdf-cli/internal/ocr/ocr.go:96.3,96.43 1 0
github.com/lgbarn/pdf-cli/internal/ocr/ocr.go:101.39,102.22 1 1
github.com/lgbarn/pdf-cli/internal/ocr/ocr.go:102.22,104.3 1 1
github.com/lgbarn/pdf-cli/internal/ocr/ocr.go:105.2,105.15 1 1
github.com/lgbarn/pdf-cli/internal/ocr/ocr.go:109.32,110.22 1 1
github.com/lgbarn/pdf-cli/internal/ocr/ocr.go:110.22,112.3 1 1
github.com/lgbarn/pdf-cli/internal/ocr/ocr.go:113.2,113.12 1 1
github.com/lgbarn/pdf-cli/internal/ocr/ocr.go:116.35,118.16 2 1
github.com/lgbarn/pdf-cli/internal/ocr/ocr.go:118.16,120.3 1 0
github.com/lgbarn/pdf-cli/internal/ocr/ocr.go:122.2,123.51 2 1
github.com/lgbarn/pdf-cli/internal/ocr/ocr.go:123.51,125.3 1 0
github.com/lgbarn/pdf-cli/internal/ocr/ocr.go:127.2,127.21 1 1
github.com/lgbarn/pdf-cli/internal/ocr/ocr.go:131.41,132.46 1 1
github.com/lgbarn/pdf-cli/internal/ocr/ocr.go:132.46,134.54 2 1
github.com/lgbarn/pdf-cli/internal/ocr/ocr.go:134.54,135.60 1 0
github.com/lgbarn/pdf-cli/internal/ocr/ocr.go:135.60,137.5 1 0
github.com/lgbarn/pdf-cli/internal/ocr/ocr.go:140.2,140.12 1 1
github.com/lgbarn/pdf-cli/internal/ocr/ocr.go:144.43,145.54 1 1
github.com/lgbarn/pdf-cli/internal/ocr/ocr.go:145.54,147.3 1 1
github.com/lgbarn/pdf-cli/internal/ocr/ocr.go:149.2,150.26 2 1
github.com/lgbarn/pdf-cli/internal/ocr/ocr.go:150.26,152.14 2 1
github.com/lgbarn/pdf-cli/internal/ocr/ocr.go:152.14,154.4 1 1
github.com/lgbarn/pdf-cli/internal/ocr/ocr.go:156.2,156.15 1 1
github.com/lgbarn/pdf-cli/internal/ocr/ocr.go:160.42,162.20 2 1
github.com/lgbarn/pdf-cli/internal/ocr/ocr.go:162.20,164.3 1 1
github.com/lgbarn/pdf-cli/internal/ocr/ocr.go:165.2,165.13 1 1
github.com/lgbarn/pdf-cli/internal/ocr/ocr.go:168.51,178.16 7 0
github.com/lgbarn/pdf-cli/internal/ocr/ocr.go:178.16,180.3 1 0
github.com/lgbarn/pdf-cli/internal/ocr/ocr.go:182.2,183.16 2 0
github.com/lgbarn/pdf-cli/internal/ocr/ocr.go:183.16,185.3 1 0
github.com/lgbarn/pdf-cli/internal/ocr/ocr.go:186.2,188.38 2 0
github.com/lgbarn/pdf-cli/internal/ocr/ocr.go:188.38,190.3 1 0
github.com/lgbarn/pdf-cli/internal/ocr/ocr.go:192.2,193.16 2 0
github.com/lgbarn/pdf-cli/internal/ocr/ocr.go:193.16,195.3 1 0
github.com/lgbarn/pdf-cli/internal/ocr/ocr.go:196.2,200.76 4 0
github.com/lgbarn/pdf-cli/internal/ocr/ocr.go:200.76,203.3 2 0
github.com/lgbarn/pdf-cli/internal/ocr/ocr.go:204.2,207.37 3 0
github.com/lgbarn/pdf-cli/internal/ocr/ocr.go:211.118,212.32 1 0
github.com/lgbarn/pdf-cli/internal/ocr/ocr.go:212.32,213.44 1 0
github.com/lgbarn/pdf-cli/internal/ocr/ocr.go:213.44,215.4 1 0
github.com/lgbarn/pdf-cli/internal/ocr/ocr.go:218.2,219.16 2 0
github.com/lgbarn/pdf-cli/internal/ocr/ocr.go:219.16,221.3 1 0
github.com/lgbarn/pdf-cli/internal/ocr/ocr.go:222.2,225.16 3 0
github.com/lgbarn/pdf-cli/internal/ocr/ocr.go:225.16,227.3 1 0
github.com/lgbarn/pdf-cli/internal/ocr/ocr.go:229.2,229.79 1 0
github.com/lgbarn/pdf-cli/internal/ocr/ocr.go:229.79,231.3 1 0
github.com/lgbarn/pdf-cli/internal/ocr/ocr.go:233.2,234.16 2 0
github.com/lgbarn/pdf-cli/internal/ocr/ocr.go:234.16,236.3 1 0
github.com/lgbarn/pdf-cli/internal/ocr/ocr.go:238.2,238.26 1 0
github.com/lgbarn/pdf-cli/internal/ocr/ocr.go:238.26,240.3 1 0
github.com/lgbarn/pdf-cli/internal/ocr/ocr.go:242.2,242.50 1 0
github.com/lgbarn/pdf-cli/internal/ocr/ocr.go:245.92,246.20 1 1
github.com/lgbarn/pdf-cli/internal/ocr/ocr.go:246.20,248.3 1 1
github.com/lgbarn/pdf-cli/internal/ocr/ocr.go:250.2,251.16 2 1
github.com/lgbarn/pdf-cli/internal/ocr/ocr.go:251.16,253.3 1 1
github.com/lgbarn/pdf-cli/internal/ocr/ocr.go:255.2,256.24 2 0
github.com/lgbarn/pdf-cli/internal/ocr/ocr.go:256.24,258.3 1 0
github.com/lgbarn/pdf-cli/internal/ocr/ocr.go:259.2,259.20 1 0
github.com/lgbarn/pdf-cli/internal/ocr/ocr.go:262.97,264.26 2 1
github.com/lgbarn/pdf-cli/internal/ocr/ocr.go:264.26,266.3 1 1
github.com/lgbarn/pdf-cli/internal/ocr/ocr.go:268.2,268.98 1 1
github.com/lgbarn/pdf-cli/internal/ocr/ocr.go:268.98,270.3 1 1
github.com/lgbarn/pdf-cli/internal/ocr/ocr.go:271.2,271.12 1 0
github.com/lgbarn/pdf-cli/internal/ocr/ocr.go:274.51,276.81 2 1
github.com/lgbarn/pdf-cli/internal/ocr/ocr.go:276.81,277.17 1 1
github.com/lgbarn/pdf-cli/internal/ocr/ocr.go:277.17,279.4 1 1
github.com/lgbarn/pdf-cli/internal/ocr/ocr.go:280.3,280.46 1 1
github.com/lgbarn/pdf-cli/internal/ocr/ocr.go:280.46,282.4 1 1
github.com/lgbarn/pdf-cli/internal/ocr/ocr.go:283.3,283.13 1 1
github.com/lgbarn/pdf-cli/internal/ocr/ocr.go:285.2,285.16 1 1
github.com/lgbarn/pdf-cli/internal/ocr/ocr.go:285.16,287.3 1 1
github.com/lgbarn/pdf-cli/internal/ocr/ocr.go:288.2,288.24 1 1
github.com/lgbarn/pdf-cli/internal/ocr/ocr.go:300.88,302.72 1 1
github.com/lgbarn/pdf-cli/internal/ocr/ocr.go:302.72,304.3 1 1
github.com/lgbarn/pdf-cli/internal/ocr/ocr.go:305.2,305.58 1 1
github.com/lgbarn/pdf-cli/internal/ocr/ocr.go:308.98,310.18 2 1
github.com/lgbarn/pdf-cli/internal/ocr/ocr.go:310.18,312.3 1 1
github.com/lgbarn/pdf-cli/internal/ocr/ocr.go:313.2,318.37 4 1
github.com/lgbarn/pdf-cli/internal/ocr/ocr.go:318.37,320.17 2 1
github.com/lgbarn/pdf-cli/internal/ocr/ocr.go:320.17,322.4 1 1
github.com/lgbarn/pdf-cli/internal/ocr/ocr.go:323.3,323.17 1 1
github.com/lgbarn/pdf-cli/internal/ocr/ocr.go:323.17,325.4 1 0
github.com/lgbarn/pdf-cli/internal/ocr/ocr.go:328.2,328.39 1 1
github.com/lgbarn/pdf-cli/internal/ocr/ocr.go:331.96,333.18 2 1
github.com/lgbarn/pdf-cli/internal/ocr/ocr.go:333.18,335.3 1 0
github.com/lgbarn/pdf-cli/internal/ocr/ocr.go:336.2,346.37 7 1
github.com/lgbarn/pdf-cli/internal/ocr/ocr.go:346.37,349.33 3 1
github.com/lgbarn/pdf-cli/internal/ocr/ocr.go:349.33,351.17 2 1
github.com/lgbarn/pdf-cli/internal/ocr/ocr.go:351.17,351.26 1 1
github.com/lgbarn/pdf-cli/internal/ocr/ocr.go:352.4,353.50 2 1
github.com/lgbarn/pdf-cli/internal/ocr/ocr.go:358.2,358.12 1 1
github.com/lgbarn/pdf-cli/internal/ocr/ocr.go:358.12,361.3 2 1
github.com/lgbarn/pdf-cli/internal/ocr/ocr.go:364.2,365.27 2 1
github.com/lgbarn/pdf-cli/internal/ocr/ocr.go:365.27,367.17 2 1
github.com/lgbarn/pdf-cli/internal/ocr/ocr.go:367.17,369.4 1 0
github.com/lgbarn/pdf-cli/internal/ocr/ocr.go:372.2,372.39 1 1
github.com/lgbarn/pdf-cli/internal/ocr/ocr.go:376.53,378.25 2 1
github.com/lgbarn/pdf-cli/internal/ocr/ocr.go:378.25,379.14 1 1
github.com/lgbarn/pdf-cli/internal/ocr/ocr.go:379.14,380.12 1 1
github.com/lgbarn/pdf-cli/internal/ocr/ocr.go:382.3,382.23 1 1
github.com/lgbarn/pdf-cli/internal/ocr/ocr.go:382.23,384.4 1 1
github.com/lgbarn/pdf-cli/internal/ocr/ocr.go:385.3,385.24 1 1
github.com/lgbarn/pdf-cli/internal/ocr/ocr.go:387.2,387.24 1 1
github.com/lgbarn/pdf-cli/internal/ocr/wasm.go:21.65,22.19 1 1
github.com/lgbarn/pdf-cli/internal/ocr/wasm.go:22.19,25.17 3 1
github.com/lgbarn/pdf-cli/internal/ocr/wasm.go:25.17,27.4 1 0
github.com/lgbarn/pdf-cli/internal/ocr/wasm.go:30.2,33.8 1 1
github.com/lgbarn/pdf-cli/internal/ocr/wasm.go:36.37,38.2 1 1
github.com/lgbarn/pdf-cli/internal/ocr/wasm.go:40.40,42.2 1 1
github.com/lgbarn/pdf-cli/internal/ocr/wasm.go:45.57,46.16 1 1
github.com/lgbarn/pdf-cli/internal/ocr/wasm.go:46.16,48.3 1 1
github.com/lgbarn/pdf-cli/internal/ocr/wasm.go:50.2,50.41 1 1
github.com/lgbarn/pdf-cli/internal/ocr/wasm.go:50.41,52.54 2 1
github.com/lgbarn/pdf-cli/internal/ocr/wasm.go:52.54,53.57 1 0
github.com/lgbarn/pdf-cli/internal/ocr/wasm.go:53.57,55.5 1 0
github.com/lgbarn/pdf-cli/internal/ocr/wasm.go:59.2,59.12 1 1
github.com/lgbarn/pdf-cli/internal/ocr/wasm.go:62.83,63.19 1 0
github.com/lgbarn/pdf-cli/internal/ocr/wasm.go:63.19,65.3 1 0
github.com/lgbarn/pdf-cli/internal/ocr/wasm.go:67.2,67.16 1 0
github.com/lgbarn/pdf-cli/internal/ocr/wasm.go:67.16,69.3 1 0
github.com/lgbarn/pdf-cli/internal/ocr/wasm.go:71.2,71.47 1 0
github.com/lgbarn/pdf-cli/internal/ocr/wasm.go:71.47,73.3 1 0
github.com/lgbarn/pdf-cli/internal/ocr/wasm.go:75.2,79.16 4 0
github.com/lgbarn/pdf-cli/internal/ocr/wasm.go:79.16,81.3 1 0
github.com/lgbarn/pdf-cli/internal/ocr/wasm.go:82.2,88.16 3 0
github.com/lgbarn/pdf-cli/internal/ocr/wasm.go:88.16,90.3 1 0
github.com/lgbarn/pdf-cli/internal/ocr/wasm.go:92.2,92.12 1 0
github.com/lgbarn/pdf-cli/internal/ocr/wasm.go:95.97,98.57 2 0
github.com/lgbarn/pdf-cli/internal/ocr/wasm.go:98.57,100.3 1 0
github.com/lgbarn/pdf-cli/internal/ocr/wasm.go:102.2,103.16 2 0
github.com/lgbarn/pdf-cli/internal/ocr/wasm.go:103.16,105.3 1 0
github.com/lgbarn/pdf-cli/internal/ocr/wasm.go:106.2,108.87 2 0
github.com/lgbarn/pdf-cli/internal/ocr/wasm.go:108.87,110.3 1 0
github.com/lgbarn/pdf-cli/internal/ocr/wasm.go:112.2,114.16 3 0
github.com/lgbarn/pdf-cli/internal/ocr/wasm.go:114.16,116.3 1 0
github.com/lgbarn/pdf-cli/internal/ocr/wasm.go:118.2,118.37 1 0
github.com/lgbarn/pdf-cli/internal/ocr/wasm.go:121.37,122.19 1 1
github.com/lgbarn/pdf-cli/internal/ocr/wasm.go:122.19,124.3 1 0
github.com/lgbarn/pdf-cli/internal/ocr/wasm.go:125.2,125.12 1 1
